2016-05-27 17:07:29 Error: [PDOException] SQLSTATE[HY000] [2002] No connection could be made because the target machine actively refused it.

Stack Trace:
#0 C:\xampp\htdocs\recipe\vendor\cakephp\cakephp\src\Database\Driver\PDODriverTrait.php(48): PDO->__construct('mysql:host=loca...', 'root', '123', Array)
#1 C:\xampp\htdocs\recipe\vendor\cakephp\cakephp\src\Database\Driver\Mysql.php(90): Cake\Database\Driver\Mysql->_connect('mysql:host=loca...', Array)
#2 C:\xampp\htdocs\recipe\vendor\cakephp\cakephp\src\Database\Schema\BaseSchema.php(45): Cake\Database\Driver\Mysql->connect()
#3 C:\xampp\htdocs\recipe\vendor\cakephp\cakephp\src\Database\Dialect\MysqlDialectTrait.php(63): Cake\Database\Schema\BaseSchema->__construct(Object(Cake\Database\Driver\Mysql))
#4 C:\xampp\htdocs\recipe\vendor\cakephp\cakephp\src\Database\Schema\Collection.php(52): Cake\Database\Driver\Mysql->schemaDialect()
#5 C:\xampp\htdocs\recipe\vendor\cakephp\cakephp\src\Database\Schema\CachedCollection.php(43): Cake\Database\Schema\Collection->__construct(Object(Cake\Database\Connection))
#6 C:\xampp\htdocs\recipe\vendor\cakephp\cakephp\src\Database\Connection.php(317): Cake\Database\Schema\CachedCollection->__construct(Object(Cake\Database\Connection), true)
#7 C:\xampp\htdocs\recipe\vendor\cakephp\bake\src\Shell\Task\ModelTask.php(920): Cake\Database\Connection->schemaCollection()
#8 C:\xampp\htdocs\recipe\vendor\cakephp\bake\src\Shell\Task\ModelTask.php(875): Bake\Shell\Task\ModelTask->_getAllTables()
#9 C:\xampp\htdocs\recipe\vendor\cakephp\bake\src\Shell\Task\ModelTask.php(198): Bake\Shell\Task\ModelTask->listAll()
#10 C:\xampp\htdocs\recipe\vendor\cakephp\bake\src\Shell\Task\ModelTask.php(124): Bake\Shell\Task\ModelTask->getAssociations(Object(Cake\ORM\Table))
#11 C:\xampp\htdocs\recipe\vendor\cakephp\bake\src\Shell\Task\ModelTask.php(109): Bake\Shell\Task\ModelTask->getTableContext(Object(Cake\ORM\Table), 'users', 'Users')
#12 C:\xampp\htdocs\recipe\vendor\cakephp\bake\src\Shell\Task\ModelTask.php(96): Bake\Shell\Task\ModelTask->bake('Users')
#13 C:\xampp\htdocs\recipe\vendor\cakephp\bake\src\Shell\BakeShell.php(250): Bake\Shell\Task\ModelTask->main('Users')
#14 C:\xampp\htdocs\recipe\vendor\cakephp\cakephp\src\Collection\CollectionTrait.php(51): Bake\Shell\BakeShell->Bake\Shell\{closure}('users', 0)
#15 C:\xampp\htdocs\recipe\vendor\cakephp\bake\src\Shell\BakeShell.php(253): Cake\Collection\Collection->each(Object(Closure))
#16 [internal function]: Bake\Shell\BakeShell->all('users')
#17 C:\xampp\htdocs\recipe\vendor\cakephp\cakephp\src\Console\Shell.php(444): call_user_func_array(Array, Array)
#18 C:\xampp\htdocs\recipe\vendor\cakephp\cakephp\src\Console\ShellDispatcher.php(217): Cake\Console\Shell->runCommand(Array, true, Array)
#19 C:\xampp\htdocs\recipe\vendor\cakephp\cakephp\src\Console\ShellDispatcher.php(181): Cake\Console\ShellDispatcher->_dispatch(Array)
#20 C:\xampp\htdocs\recipe\vendor\cakephp\cakephp\src\Console\ShellDispatcher.php(127): Cake\Console\ShellDispatcher->dispatch(Array)
#21 C:\xampp\htdocs\recipe\bin\cake.php(33): Cake\Console\ShellDispatcher::run(Array)
#22 {main}


