2016-05-30 13:53:32 Notice: Strict (2048): Declaration of App\Controller\ContactsController::beforeFilter() should be compatible with Cake\Controller\Controller::beforeFilter(Cake\Event\Event $event) in [C:\Users\AMAR\Desktop\Git\git\RecipeJaar\src\Controller\ContactsController.php, line 12]
Request URL: /contacts
Client IP: 127.0.0.1
Trace:
Cake\Error\BaseErrorHandler::handleError() - CORE\src\Error\BaseErrorHandler.php, line 146
include - APP/Controller\ContactsController.php, line 12
Composer\Autoload\includeFile - ROOT\vendor\composer\ClassLoader.php, line 412
Composer\Autoload\ClassLoader::loadClass() - ROOT\vendor\composer\ClassLoader.php, line 301
spl_autoload_call - [internal], line ??
class_exists - [internal], line ??
Cake\Core\App::_classExistsInBase() - CORE\src\Core\App.php, line 151
Cake\Core\App::className() - CORE\src\Core\App.php, line 64
Cake\Routing\Filter\ControllerFactoryFilter::_getController() - CORE\src\Routing\Filter\ControllerFactoryFilter.php, line 91
Cake\Routing\Filter\ControllerFactoryFilter::beforeDispatch() - CORE\src\Routing\Filter\ControllerFactoryFilter.php, line 51
Cake\Routing\DispatcherFilter::handle() - CORE\src\Routing\DispatcherFilter.php, line 145
Cake\Event\EventManager::_callListener() - CORE\src\Event\EventManager.php, line 390
Cake\Event\EventManager::dispatch() - CORE\src\Event\EventManager.php, line 356
Cake\Routing\Dispatcher::dispatchEvent() - CORE\src\Event\EventDispatcherTrait.php, line 78
Cake\Routing\Dispatcher::dispatch() - CORE\src\Routing\Dispatcher.php, line 62
[main] - ROOT\webroot\index.php, line 37



2016-05-30 14:07:46 Notice: Notice (8): Undefined variable: var in [C:\Users\AMAR\Desktop\Git\git\RecipeJaar\src\Template\Layout\default.ctp, line 15]
Request URL: /Contacts/submit
Client IP: 127.0.0.1
Trace:
Cake\Error\BaseErrorHandler::handleError() - CORE\src\Error\BaseErrorHandler.php, line 146
include - APP/Template\Layout\default.ctp, line 15
Cake\View\View::_evaluate() - CORE\src\View\View.php, line 992
Cake\View\View::_render() - CORE\src\View\View.php, line 952
Cake\View\View::renderLayout() - CORE\src\View\View.php, line 633
Cake\View\View::render() - CORE\src\View\View.php, line 592
Cake\Controller\Controller::render() - CORE\src\Controller\Controller.php, line 611
Cake\Routing\Dispatcher::_invoke() - CORE\src\Routing\Dispatcher.php, line 120
Cake\Routing\Dispatcher::dispatch() - CORE\src\Routing\Dispatcher.php, line 87
[main] - ROOT\webroot\index.php, line 37



2016-05-30 14:07:46 Notice: Notice (8): Undefined variable: var in [C:\Users\AMAR\Desktop\Git\git\RecipeJaar\src\Template\Layout\default.ctp, line 34]
Request URL: /Contacts/submit
Client IP: 127.0.0.1
Trace:
Cake\Error\BaseErrorHandler::handleError() - CORE\src\Error\BaseErrorHandler.php, line 146
include - APP/Template\Layout\default.ctp, line 34
Cake\View\View::_evaluate() - CORE\src\View\View.php, line 992
Cake\View\View::_render() - CORE\src\View\View.php, line 952
Cake\View\View::renderLayout() - CORE\src\View\View.php, line 633
Cake\View\View::render() - CORE\src\View\View.php, line 592
Cake\Controller\Controller::render() - CORE\src\Controller\Controller.php, line 611
Cake\Routing\Dispatcher::_invoke() - CORE\src\Routing\Dispatcher.php, line 120
Cake\Routing\Dispatcher::dispatch() - CORE\src\Routing\Dispatcher.php, line 87
[main] - ROOT\webroot\index.php, line 37



2016-05-30 14:07:46 Notice: Notice (8): Undefined variable: var in [C:\Users\AMAR\Desktop\Git\git\RecipeJaar\src\Template\Layout\default.ctp, line 94]
Request URL: /Contacts/submit
Client IP: 127.0.0.1
Trace:
Cake\Error\BaseErrorHandler::handleError() - CORE\src\Error\BaseErrorHandler.php, line 146
include - APP/Template\Layout\default.ctp, line 94
Cake\View\View::_evaluate() - CORE\src\View\View.php, line 992
Cake\View\View::_render() - CORE\src\View\View.php, line 952
Cake\View\View::renderLayout() - CORE\src\View\View.php, line 633
Cake\View\View::render() - CORE\src\View\View.php, line 592
Cake\Controller\Controller::render() - CORE\src\Controller\Controller.php, line 611
Cake\Routing\Dispatcher::_invoke() - CORE\src\Routing\Dispatcher.php, line 120
Cake\Routing\Dispatcher::dispatch() - CORE\src\Routing\Dispatcher.php, line 87
[main] - ROOT\webroot\index.php, line 37



2016-05-30 14:07:46 Notice: Notice (8): Undefined variable: var in [C:\Users\AMAR\Desktop\Git\git\RecipeJaar\src\Template\Layout\default.ctp, line 104]
Request URL: /Contacts/submit
Client IP: 127.0.0.1
Trace:
Cake\Error\BaseErrorHandler::handleError() - CORE\src\Error\BaseErrorHandler.php, line 146
include - APP/Template\Layout\default.ctp, line 104
Cake\View\View::_evaluate() - CORE\src\View\View.php, line 992
Cake\View\View::_render() - CORE\src\View\View.php, line 952
Cake\View\View::renderLayout() - CORE\src\View\View.php, line 633
Cake\View\View::render() - CORE\src\View\View.php, line 592
Cake\Controller\Controller::render() - CORE\src\Controller\Controller.php, line 611
Cake\Routing\Dispatcher::_invoke() - CORE\src\Routing\Dispatcher.php, line 120
Cake\Routing\Dispatcher::dispatch() - CORE\src\Routing\Dispatcher.php, line 87
[main] - ROOT\webroot\index.php, line 37



2016-05-30 14:19:59 Notice: Notice (8): Undefined variable: var in [C:\Users\AMAR\Desktop\Git\git\RecipeJaar\src\Template\Layout\default.ctp, line 15]
Request URL: /Contacts/
Client IP: 127.0.0.1
Trace:
Cake\Error\BaseErrorHandler::handleError() - CORE\src\Error\BaseErrorHandler.php, line 146
include - APP/Template\Layout\default.ctp, line 15
Cake\View\View::_evaluate() - CORE\src\View\View.php, line 992
Cake\View\View::_render() - CORE\src\View\View.php, line 952
Cake\View\View::renderLayout() - CORE\src\View\View.php, line 633
Cake\View\View::render() - CORE\src\View\View.php, line 592
Cake\Controller\Controller::render() - CORE\src\Controller\Controller.php, line 611
Cake\Routing\Dispatcher::_invoke() - CORE\src\Routing\Dispatcher.php, line 120
Cake\Routing\Dispatcher::dispatch() - CORE\src\Routing\Dispatcher.php, line 87
[main] - ROOT\webroot\index.php, line 37



2016-05-30 14:19:59 Notice: Notice (8): Undefined variable: var in [C:\Users\AMAR\Desktop\Git\git\RecipeJaar\src\Template\Layout\default.ctp, line 34]
Request URL: /Contacts/
Client IP: 127.0.0.1
Trace:
Cake\Error\BaseErrorHandler::handleError() - CORE\src\Error\BaseErrorHandler.php, line 146
include - APP/Template\Layout\default.ctp, line 34
Cake\View\View::_evaluate() - CORE\src\View\View.php, line 992
Cake\View\View::_render() - CORE\src\View\View.php, line 952
Cake\View\View::renderLayout() - CORE\src\View\View.php, line 633
Cake\View\View::render() - CORE\src\View\View.php, line 592
Cake\Controller\Controller::render() - CORE\src\Controller\Controller.php, line 611
Cake\Routing\Dispatcher::_invoke() - CORE\src\Routing\Dispatcher.php, line 120
Cake\Routing\Dispatcher::dispatch() - CORE\src\Routing\Dispatcher.php, line 87
[main] - ROOT\webroot\index.php, line 37



2016-05-30 14:19:59 Notice: Notice (8): Undefined variable: var in [C:\Users\AMAR\Desktop\Git\git\RecipeJaar\src\Template\Layout\default.ctp, line 94]
Request URL: /Contacts/
Client IP: 127.0.0.1
Trace:
Cake\Error\BaseErrorHandler::handleError() - CORE\src\Error\BaseErrorHandler.php, line 146
include - APP/Template\Layout\default.ctp, line 94
Cake\View\View::_evaluate() - CORE\src\View\View.php, line 992
Cake\View\View::_render() - CORE\src\View\View.php, line 952
Cake\View\View::renderLayout() - CORE\src\View\View.php, line 633
Cake\View\View::render() - CORE\src\View\View.php, line 592
Cake\Controller\Controller::render() - CORE\src\Controller\Controller.php, line 611
Cake\Routing\Dispatcher::_invoke() - CORE\src\Routing\Dispatcher.php, line 120
Cake\Routing\Dispatcher::dispatch() - CORE\src\Routing\Dispatcher.php, line 87
[main] - ROOT\webroot\index.php, line 37



2016-05-30 14:19:59 Notice: Notice (8): Undefined variable: var in [C:\Users\AMAR\Desktop\Git\git\RecipeJaar\src\Template\Layout\default.ctp, line 104]
Request URL: /Contacts/
Client IP: 127.0.0.1
Trace:
Cake\Error\BaseErrorHandler::handleError() - CORE\src\Error\BaseErrorHandler.php, line 146
include - APP/Template\Layout\default.ctp, line 104
Cake\View\View::_evaluate() - CORE\src\View\View.php, line 992
Cake\View\View::_render() - CORE\src\View\View.php, line 952
Cake\View\View::renderLayout() - CORE\src\View\View.php, line 633
Cake\View\View::render() - CORE\src\View\View.php, line 592
Cake\Controller\Controller::render() - CORE\src\Controller\Controller.php, line 611
Cake\Routing\Dispatcher::_invoke() - CORE\src\Routing\Dispatcher.php, line 120
Cake\Routing\Dispatcher::dispatch() - CORE\src\Routing\Dispatcher.php, line 87
[main] - ROOT\webroot\index.php, line 37



2016-05-30 14:23:38 Notice: Strict (2048): Declaration of App\Controller\ContactsController::beforeFilter() should be compatible with Cake\Controller\Controller::beforeFilter(Cake\Event\Event $event) in [C:\Users\AMAR\Desktop\Git\git\RecipeJaar\src\Controller\ContactsController.php, line 7]
Request URL: /contacts
Client IP: 127.0.0.1
Trace:
Cake\Error\BaseErrorHandler::handleError() - CORE\src\Error\BaseErrorHandler.php, line 146
include - APP/Controller\ContactsController.php, line 7
Composer\Autoload\includeFile - ROOT\vendor\composer\ClassLoader.php, line 412
Composer\Autoload\ClassLoader::loadClass() - ROOT\vendor\composer\ClassLoader.php, line 301
spl_autoload_call - [internal], line ??
class_exists - [internal], line ??
Cake\Core\App::_classExistsInBase() - CORE\src\Core\App.php, line 151
Cake\Core\App::className() - CORE\src\Core\App.php, line 64
Cake\Routing\Filter\ControllerFactoryFilter::_getController() - CORE\src\Routing\Filter\ControllerFactoryFilter.php, line 91
Cake\Routing\Filter\ControllerFactoryFilter::beforeDispatch() - CORE\src\Routing\Filter\ControllerFactoryFilter.php, line 51
Cake\Routing\DispatcherFilter::handle() - CORE\src\Routing\DispatcherFilter.php, line 145
Cake\Event\EventManager::_callListener() - CORE\src\Event\EventManager.php, line 390
Cake\Event\EventManager::dispatch() - CORE\src\Event\EventManager.php, line 356
Cake\Routing\Dispatcher::dispatchEvent() - CORE\src\Event\EventDispatcherTrait.php, line 78
Cake\Routing\Dispatcher::dispatch() - CORE\src\Routing\Dispatcher.php, line 62
[main] - ROOT\webroot\index.php, line 37



2016-05-30 14:36:36 Notice: Notice (8): Undefined variable: var in [C:\Users\AMAR\Desktop\Git\git\RecipeJaar\src\Template\Layout\default.ctp, line 15]
Request URL: /Contacts/submit
Referer URL: http://localhost:8765/contacts
Client IP: 127.0.0.1
Trace:
Cake\Error\BaseErrorHandler::handleError() - CORE\src\Error\BaseErrorHandler.php, line 146
include - APP/Template\Layout\default.ctp, line 15
Cake\View\View::_evaluate() - CORE\src\View\View.php, line 992
Cake\View\View::_render() - CORE\src\View\View.php, line 952
Cake\View\View::renderLayout() - CORE\src\View\View.php, line 633
Cake\View\View::render() - CORE\src\View\View.php, line 592
Cake\Controller\Controller::render() - CORE\src\Controller\Controller.php, line 611
Cake\Routing\Dispatcher::_invoke() - CORE\src\Routing\Dispatcher.php, line 120
Cake\Routing\Dispatcher::dispatch() - CORE\src\Routing\Dispatcher.php, line 87
[main] - ROOT\webroot\index.php, line 37



2016-05-30 14:36:36 Notice: Notice (8): Undefined variable: var in [C:\Users\AMAR\Desktop\Git\git\RecipeJaar\src\Template\Layout\default.ctp, line 34]
Request URL: /Contacts/submit
Referer URL: http://localhost:8765/contacts
Client IP: 127.0.0.1
Trace:
Cake\Error\BaseErrorHandler::handleError() - CORE\src\Error\BaseErrorHandler.php, line 146
include - APP/Template\Layout\default.ctp, line 34
Cake\View\View::_evaluate() - CORE\src\View\View.php, line 992
Cake\View\View::_render() - CORE\src\View\View.php, line 952
Cake\View\View::renderLayout() - CORE\src\View\View.php, line 633
Cake\View\View::render() - CORE\src\View\View.php, line 592
Cake\Controller\Controller::render() - CORE\src\Controller\Controller.php, line 611
Cake\Routing\Dispatcher::_invoke() - CORE\src\Routing\Dispatcher.php, line 120
Cake\Routing\Dispatcher::dispatch() - CORE\src\Routing\Dispatcher.php, line 87
[main] - ROOT\webroot\index.php, line 37



2016-05-30 14:36:36 Notice: Notice (8): Undefined variable: var in [C:\Users\AMAR\Desktop\Git\git\RecipeJaar\src\Template\Layout\default.ctp, line 94]
Request URL: /Contacts/submit
Referer URL: http://localhost:8765/contacts
Client IP: 127.0.0.1
Trace:
Cake\Error\BaseErrorHandler::handleError() - CORE\src\Error\BaseErrorHandler.php, line 146
include - APP/Template\Layout\default.ctp, line 94
Cake\View\View::_evaluate() - CORE\src\View\View.php, line 992
Cake\View\View::_render() - CORE\src\View\View.php, line 952
Cake\View\View::renderLayout() - CORE\src\View\View.php, line 633
Cake\View\View::render() - CORE\src\View\View.php, line 592
Cake\Controller\Controller::render() - CORE\src\Controller\Controller.php, line 611
Cake\Routing\Dispatcher::_invoke() - CORE\src\Routing\Dispatcher.php, line 120
Cake\Routing\Dispatcher::dispatch() - CORE\src\Routing\Dispatcher.php, line 87
[main] - ROOT\webroot\index.php, line 37



2016-05-30 14:36:36 Notice: Notice (8): Undefined variable: var in [C:\Users\AMAR\Desktop\Git\git\RecipeJaar\src\Template\Layout\default.ctp, line 104]
Request URL: /Contacts/submit
Referer URL: http://localhost:8765/contacts
Client IP: 127.0.0.1
Trace:
Cake\Error\BaseErrorHandler::handleError() - CORE\src\Error\BaseErrorHandler.php, line 146
include - APP/Template\Layout\default.ctp, line 104
Cake\View\View::_evaluate() - CORE\src\View\View.php, line 992
Cake\View\View::_render() - CORE\src\View\View.php, line 952
Cake\View\View::renderLayout() - CORE\src\View\View.php, line 633
Cake\View\View::render() - CORE\src\View\View.php, line 592
Cake\Controller\Controller::render() - CORE\src\Controller\Controller.php, line 611
Cake\Routing\Dispatcher::_invoke() - CORE\src\Routing\Dispatcher.php, line 120
Cake\Routing\Dispatcher::dispatch() - CORE\src\Routing\Dispatcher.php, line 87
[main] - ROOT\webroot\index.php, line 37



2016-05-30 14:37:20 Notice: Notice (8): Undefined variable: var in [C:\Users\AMAR\Desktop\Git\git\RecipeJaar\src\Template\Layout\default.ctp, line 15]
Request URL: /Contacts/submit
Client IP: 127.0.0.1
Trace:
Cake\Error\BaseErrorHandler::handleError() - CORE\src\Error\BaseErrorHandler.php, line 146
include - APP/Template\Layout\default.ctp, line 15
Cake\View\View::_evaluate() - CORE\src\View\View.php, line 992
Cake\View\View::_render() - CORE\src\View\View.php, line 952
Cake\View\View::renderLayout() - CORE\src\View\View.php, line 633
Cake\View\View::render() - CORE\src\View\View.php, line 592
Cake\Controller\Controller::render() - CORE\src\Controller\Controller.php, line 611
Cake\Routing\Dispatcher::_invoke() - CORE\src\Routing\Dispatcher.php, line 120
Cake\Routing\Dispatcher::dispatch() - CORE\src\Routing\Dispatcher.php, line 87
[main] - ROOT\webroot\index.php, line 37



2016-05-30 14:37:20 Notice: Notice (8): Undefined variable: var in [C:\Users\AMAR\Desktop\Git\git\RecipeJaar\src\Template\Layout\default.ctp, line 34]
Request URL: /Contacts/submit
Client IP: 127.0.0.1
Trace:
Cake\Error\BaseErrorHandler::handleError() - CORE\src\Error\BaseErrorHandler.php, line 146
include - APP/Template\Layout\default.ctp, line 34
Cake\View\View::_evaluate() - CORE\src\View\View.php, line 992
Cake\View\View::_render() - CORE\src\View\View.php, line 952
Cake\View\View::renderLayout() - CORE\src\View\View.php, line 633
Cake\View\View::render() - CORE\src\View\View.php, line 592
Cake\Controller\Controller::render() - CORE\src\Controller\Controller.php, line 611
Cake\Routing\Dispatcher::_invoke() - CORE\src\Routing\Dispatcher.php, line 120
Cake\Routing\Dispatcher::dispatch() - CORE\src\Routing\Dispatcher.php, line 87
[main] - ROOT\webroot\index.php, line 37



2016-05-30 14:37:20 Notice: Notice (8): Undefined variable: var in [C:\Users\AMAR\Desktop\Git\git\RecipeJaar\src\Template\Layout\default.ctp, line 94]
Request URL: /Contacts/submit
Client IP: 127.0.0.1
Trace:
Cake\Error\BaseErrorHandler::handleError() - CORE\src\Error\BaseErrorHandler.php, line 146
include - APP/Template\Layout\default.ctp, line 94
Cake\View\View::_evaluate() - CORE\src\View\View.php, line 992
Cake\View\View::_render() - CORE\src\View\View.php, line 952
Cake\View\View::renderLayout() - CORE\src\View\View.php, line 633
Cake\View\View::render() - CORE\src\View\View.php, line 592
Cake\Controller\Controller::render() - CORE\src\Controller\Controller.php, line 611
Cake\Routing\Dispatcher::_invoke() - CORE\src\Routing\Dispatcher.php, line 120
Cake\Routing\Dispatcher::dispatch() - CORE\src\Routing\Dispatcher.php, line 87
[main] - ROOT\webroot\index.php, line 37



2016-05-30 14:37:20 Notice: Notice (8): Undefined variable: var in [C:\Users\AMAR\Desktop\Git\git\RecipeJaar\src\Template\Layout\default.ctp, line 104]
Request URL: /Contacts/submit
Client IP: 127.0.0.1
Trace:
Cake\Error\BaseErrorHandler::handleError() - CORE\src\Error\BaseErrorHandler.php, line 146
include - APP/Template\Layout\default.ctp, line 104
Cake\View\View::_evaluate() - CORE\src\View\View.php, line 992
Cake\View\View::_render() - CORE\src\View\View.php, line 952
Cake\View\View::renderLayout() - CORE\src\View\View.php, line 633
Cake\View\View::render() - CORE\src\View\View.php, line 592
Cake\Controller\Controller::render() - CORE\src\Controller\Controller.php, line 611
Cake\Routing\Dispatcher::_invoke() - CORE\src\Routing\Dispatcher.php, line 120
Cake\Routing\Dispatcher::dispatch() - CORE\src\Routing\Dispatcher.php, line 87
[main] - ROOT\webroot\index.php, line 37



2016-05-30 14:37:40 Notice: Notice (8): Undefined variable: var in [C:\Users\AMAR\Desktop\Git\git\RecipeJaar\src\Template\Layout\default.ctp, line 15]
Request URL: /Contacts/submit
Referer URL: http://localhost:8765/contacts
Client IP: 127.0.0.1
Trace:
Cake\Error\BaseErrorHandler::handleError() - CORE\src\Error\BaseErrorHandler.php, line 146
include - APP/Template\Layout\default.ctp, line 15
Cake\View\View::_evaluate() - CORE\src\View\View.php, line 992
Cake\View\View::_render() - CORE\src\View\View.php, line 952
Cake\View\View::renderLayout() - CORE\src\View\View.php, line 633
Cake\View\View::render() - CORE\src\View\View.php, line 592
Cake\Controller\Controller::render() - CORE\src\Controller\Controller.php, line 611
Cake\Routing\Dispatcher::_invoke() - CORE\src\Routing\Dispatcher.php, line 120
Cake\Routing\Dispatcher::dispatch() - CORE\src\Routing\Dispatcher.php, line 87
[main] - ROOT\webroot\index.php, line 37



2016-05-30 14:37:40 Notice: Notice (8): Undefined variable: var in [C:\Users\AMAR\Desktop\Git\git\RecipeJaar\src\Template\Layout\default.ctp, line 34]
Request URL: /Contacts/submit
Referer URL: http://localhost:8765/contacts
Client IP: 127.0.0.1
Trace:
Cake\Error\BaseErrorHandler::handleError() - CORE\src\Error\BaseErrorHandler.php, line 146
include - APP/Template\Layout\default.ctp, line 34
Cake\View\View::_evaluate() - CORE\src\View\View.php, line 992
Cake\View\View::_render() - CORE\src\View\View.php, line 952
Cake\View\View::renderLayout() - CORE\src\View\View.php, line 633
Cake\View\View::render() - CORE\src\View\View.php, line 592
Cake\Controller\Controller::render() - CORE\src\Controller\Controller.php, line 611
Cake\Routing\Dispatcher::_invoke() - CORE\src\Routing\Dispatcher.php, line 120
Cake\Routing\Dispatcher::dispatch() - CORE\src\Routing\Dispatcher.php, line 87
[main] - ROOT\webroot\index.php, line 37



2016-05-30 14:37:40 Notice: Notice (8): Undefined variable: var in [C:\Users\AMAR\Desktop\Git\git\RecipeJaar\src\Template\Layout\default.ctp, line 94]
Request URL: /Contacts/submit
Referer URL: http://localhost:8765/contacts
Client IP: 127.0.0.1
Trace:
Cake\Error\BaseErrorHandler::handleError() - CORE\src\Error\BaseErrorHandler.php, line 146
include - APP/Template\Layout\default.ctp, line 94
Cake\View\View::_evaluate() - CORE\src\View\View.php, line 992
Cake\View\View::_render() - CORE\src\View\View.php, line 952
Cake\View\View::renderLayout() - CORE\src\View\View.php, line 633
Cake\View\View::render() - CORE\src\View\View.php, line 592
Cake\Controller\Controller::render() - CORE\src\Controller\Controller.php, line 611
Cake\Routing\Dispatcher::_invoke() - CORE\src\Routing\Dispatcher.php, line 120
Cake\Routing\Dispatcher::dispatch() - CORE\src\Routing\Dispatcher.php, line 87
[main] - ROOT\webroot\index.php, line 37



2016-05-30 14:37:40 Notice: Notice (8): Undefined variable: var in [C:\Users\AMAR\Desktop\Git\git\RecipeJaar\src\Template\Layout\default.ctp, line 104]
Request URL: /Contacts/submit
Referer URL: http://localhost:8765/contacts
Client IP: 127.0.0.1
Trace:
Cake\Error\BaseErrorHandler::handleError() - CORE\src\Error\BaseErrorHandler.php, line 146
include - APP/Template\Layout\default.ctp, line 104
Cake\View\View::_evaluate() - CORE\src\View\View.php, line 992
Cake\View\View::_render() - CORE\src\View\View.php, line 952
Cake\View\View::renderLayout() - CORE\src\View\View.php, line 633
Cake\View\View::render() - CORE\src\View\View.php, line 592
Cake\Controller\Controller::render() - CORE\src\Controller\Controller.php, line 611
Cake\Routing\Dispatcher::_invoke() - CORE\src\Routing\Dispatcher.php, line 120
Cake\Routing\Dispatcher::dispatch() - CORE\src\Routing\Dispatcher.php, line 87
[main] - ROOT\webroot\index.php, line 37



2016-05-30 14:38:06 Notice: Notice (8): Undefined variable: var in [C:\Users\AMAR\Desktop\Git\git\RecipeJaar\src\Template\Layout\default.ctp, line 15]
Request URL: /Contacts/submit
Referer URL: http://localhost:8765/contacts
Client IP: 127.0.0.1
Trace:
Cake\Error\BaseErrorHandler::handleError() - CORE\src\Error\BaseErrorHandler.php, line 146
include - APP/Template\Layout\default.ctp, line 15
Cake\View\View::_evaluate() - CORE\src\View\View.php, line 992
Cake\View\View::_render() - CORE\src\View\View.php, line 952
Cake\View\View::renderLayout() - CORE\src\View\View.php, line 633
Cake\View\View::render() - CORE\src\View\View.php, line 592
Cake\Controller\Controller::render() - CORE\src\Controller\Controller.php, line 611
Cake\Routing\Dispatcher::_invoke() - CORE\src\Routing\Dispatcher.php, line 120
Cake\Routing\Dispatcher::dispatch() - CORE\src\Routing\Dispatcher.php, line 87
[main] - ROOT\webroot\index.php, line 37



2016-05-30 14:38:06 Notice: Notice (8): Undefined variable: var in [C:\Users\AMAR\Desktop\Git\git\RecipeJaar\src\Template\Layout\default.ctp, line 34]
Request URL: /Contacts/submit
Referer URL: http://localhost:8765/contacts
Client IP: 127.0.0.1
Trace:
Cake\Error\BaseErrorHandler::handleError() - CORE\src\Error\BaseErrorHandler.php, line 146
include - APP/Template\Layout\default.ctp, line 34
Cake\View\View::_evaluate() - CORE\src\View\View.php, line 992
Cake\View\View::_render() - CORE\src\View\View.php, line 952
Cake\View\View::renderLayout() - CORE\src\View\View.php, line 633
Cake\View\View::render() - CORE\src\View\View.php, line 592
Cake\Controller\Controller::render() - CORE\src\Controller\Controller.php, line 611
Cake\Routing\Dispatcher::_invoke() - CORE\src\Routing\Dispatcher.php, line 120
Cake\Routing\Dispatcher::dispatch() - CORE\src\Routing\Dispatcher.php, line 87
[main] - ROOT\webroot\index.php, line 37



2016-05-30 14:38:06 Notice: Notice (8): Undefined variable: var in [C:\Users\AMAR\Desktop\Git\git\RecipeJaar\src\Template\Layout\default.ctp, line 94]
Request URL: /Contacts/submit
Referer URL: http://localhost:8765/contacts
Client IP: 127.0.0.1
Trace:
Cake\Error\BaseErrorHandler::handleError() - CORE\src\Error\BaseErrorHandler.php, line 146
include - APP/Template\Layout\default.ctp, line 94
Cake\View\View::_evaluate() - CORE\src\View\View.php, line 992
Cake\View\View::_render() - CORE\src\View\View.php, line 952
Cake\View\View::renderLayout() - CORE\src\View\View.php, line 633
Cake\View\View::render() - CORE\src\View\View.php, line 592
Cake\Controller\Controller::render() - CORE\src\Controller\Controller.php, line 611
Cake\Routing\Dispatcher::_invoke() - CORE\src\Routing\Dispatcher.php, line 120
Cake\Routing\Dispatcher::dispatch() - CORE\src\Routing\Dispatcher.php, line 87
[main] - ROOT\webroot\index.php, line 37



2016-05-30 14:38:06 Notice: Notice (8): Undefined variable: var in [C:\Users\AMAR\Desktop\Git\git\RecipeJaar\src\Template\Layout\default.ctp, line 104]
Request URL: /Contacts/submit
Referer URL: http://localhost:8765/contacts
Client IP: 127.0.0.1
Trace:
Cake\Error\BaseErrorHandler::handleError() - CORE\src\Error\BaseErrorHandler.php, line 146
include - APP/Template\Layout\default.ctp, line 104
Cake\View\View::_evaluate() - CORE\src\View\View.php, line 992
Cake\View\View::_render() - CORE\src\View\View.php, line 952
Cake\View\View::renderLayout() - CORE\src\View\View.php, line 633
Cake\View\View::render() - CORE\src\View\View.php, line 592
Cake\Controller\Controller::render() - CORE\src\Controller\Controller.php, line 611
Cake\Routing\Dispatcher::_invoke() - CORE\src\Routing\Dispatcher.php, line 120
Cake\Routing\Dispatcher::dispatch() - CORE\src\Routing\Dispatcher.php, line 87
[main] - ROOT\webroot\index.php, line 37



2016-05-30 14:39:04 Notice: Notice (8): Undefined variable: var in [C:\Users\AMAR\Desktop\Git\git\RecipeJaar\src\Template\Layout\default.ctp, line 15]
Request URL: /Contacts/submit
Referer URL: http://localhost:8765/contacts
Client IP: 127.0.0.1
Trace:
Cake\Error\BaseErrorHandler::handleError() - CORE\src\Error\BaseErrorHandler.php, line 146
include - APP/Template\Layout\default.ctp, line 15
Cake\View\View::_evaluate() - CORE\src\View\View.php, line 992
Cake\View\View::_render() - CORE\src\View\View.php, line 952
Cake\View\View::renderLayout() - CORE\src\View\View.php, line 633
Cake\View\View::render() - CORE\src\View\View.php, line 592
Cake\Controller\Controller::render() - CORE\src\Controller\Controller.php, line 611
Cake\Routing\Dispatcher::_invoke() - CORE\src\Routing\Dispatcher.php, line 120
Cake\Routing\Dispatcher::dispatch() - CORE\src\Routing\Dispatcher.php, line 87
[main] - ROOT\webroot\index.php, line 37



2016-05-30 14:39:04 Notice: Notice (8): Undefined variable: var in [C:\Users\AMAR\Desktop\Git\git\RecipeJaar\src\Template\Layout\default.ctp, line 34]
Request URL: /Contacts/submit
Referer URL: http://localhost:8765/contacts
Client IP: 127.0.0.1
Trace:
Cake\Error\BaseErrorHandler::handleError() - CORE\src\Error\BaseErrorHandler.php, line 146
include - APP/Template\Layout\default.ctp, line 34
Cake\View\View::_evaluate() - CORE\src\View\View.php, line 992
Cake\View\View::_render() - CORE\src\View\View.php, line 952
Cake\View\View::renderLayout() - CORE\src\View\View.php, line 633
Cake\View\View::render() - CORE\src\View\View.php, line 592
Cake\Controller\Controller::render() - CORE\src\Controller\Controller.php, line 611
Cake\Routing\Dispatcher::_invoke() - CORE\src\Routing\Dispatcher.php, line 120
Cake\Routing\Dispatcher::dispatch() - CORE\src\Routing\Dispatcher.php, line 87
[main] - ROOT\webroot\index.php, line 37



2016-05-30 14:39:04 Notice: Notice (8): Undefined variable: var in [C:\Users\AMAR\Desktop\Git\git\RecipeJaar\src\Template\Layout\default.ctp, line 94]
Request URL: /Contacts/submit
Referer URL: http://localhost:8765/contacts
Client IP: 127.0.0.1
Trace:
Cake\Error\BaseErrorHandler::handleError() - CORE\src\Error\BaseErrorHandler.php, line 146
include - APP/Template\Layout\default.ctp, line 94
Cake\View\View::_evaluate() - CORE\src\View\View.php, line 992
Cake\View\View::_render() - CORE\src\View\View.php, line 952
Cake\View\View::renderLayout() - CORE\src\View\View.php, line 633
Cake\View\View::render() - CORE\src\View\View.php, line 592
Cake\Controller\Controller::render() - CORE\src\Controller\Controller.php, line 611
Cake\Routing\Dispatcher::_invoke() - CORE\src\Routing\Dispatcher.php, line 120
Cake\Routing\Dispatcher::dispatch() - CORE\src\Routing\Dispatcher.php, line 87
[main] - ROOT\webroot\index.php, line 37



2016-05-30 14:39:04 Notice: Notice (8): Undefined variable: var in [C:\Users\AMAR\Desktop\Git\git\RecipeJaar\src\Template\Layout\default.ctp, line 104]
Request URL: /Contacts/submit
Referer URL: http://localhost:8765/contacts
Client IP: 127.0.0.1
Trace:
Cake\Error\BaseErrorHandler::handleError() - CORE\src\Error\BaseErrorHandler.php, line 146
include - APP/Template\Layout\default.ctp, line 104
Cake\View\View::_evaluate() - CORE\src\View\View.php, line 992
Cake\View\View::_render() - CORE\src\View\View.php, line 952
Cake\View\View::renderLayout() - CORE\src\View\View.php, line 633
Cake\View\View::render() - CORE\src\View\View.php, line 592
Cake\Controller\Controller::render() - CORE\src\Controller\Controller.php, line 611
Cake\Routing\Dispatcher::_invoke() - CORE\src\Routing\Dispatcher.php, line 120
Cake\Routing\Dispatcher::dispatch() - CORE\src\Routing\Dispatcher.php, line 87
[main] - ROOT\webroot\index.php, line 37



2016-05-30 14:39:22 Notice: Notice (8): Undefined variable: var in [C:\Users\AMAR\Desktop\Git\git\RecipeJaar\src\Template\Layout\default.ctp, line 15]
Request URL: /Contacts/submit
Client IP: 127.0.0.1
Trace:
Cake\Error\BaseErrorHandler::handleError() - CORE\src\Error\BaseErrorHandler.php, line 146
include - APP/Template\Layout\default.ctp, line 15
Cake\View\View::_evaluate() - CORE\src\View\View.php, line 992
Cake\View\View::_render() - CORE\src\View\View.php, line 952
Cake\View\View::renderLayout() - CORE\src\View\View.php, line 633
Cake\View\View::render() - CORE\src\View\View.php, line 592
Cake\Controller\Controller::render() - CORE\src\Controller\Controller.php, line 611
Cake\Routing\Dispatcher::_invoke() - CORE\src\Routing\Dispatcher.php, line 120
Cake\Routing\Dispatcher::dispatch() - CORE\src\Routing\Dispatcher.php, line 87
[main] - ROOT\webroot\index.php, line 37



2016-05-30 14:39:22 Notice: Notice (8): Undefined variable: var in [C:\Users\AMAR\Desktop\Git\git\RecipeJaar\src\Template\Layout\default.ctp, line 34]
Request URL: /Contacts/submit
Client IP: 127.0.0.1
Trace:
Cake\Error\BaseErrorHandler::handleError() - CORE\src\Error\BaseErrorHandler.php, line 146
include - APP/Template\Layout\default.ctp, line 34
Cake\View\View::_evaluate() - CORE\src\View\View.php, line 992
Cake\View\View::_render() - CORE\src\View\View.php, line 952
Cake\View\View::renderLayout() - CORE\src\View\View.php, line 633
Cake\View\View::render() - CORE\src\View\View.php, line 592
Cake\Controller\Controller::render() - CORE\src\Controller\Controller.php, line 611
Cake\Routing\Dispatcher::_invoke() - CORE\src\Routing\Dispatcher.php, line 120
Cake\Routing\Dispatcher::dispatch() - CORE\src\Routing\Dispatcher.php, line 87
[main] - ROOT\webroot\index.php, line 37



2016-05-30 14:39:22 Notice: Notice (8): Undefined variable: var in [C:\Users\AMAR\Desktop\Git\git\RecipeJaar\src\Template\Layout\default.ctp, line 94]
Request URL: /Contacts/submit
Client IP: 127.0.0.1
Trace:
Cake\Error\BaseErrorHandler::handleError() - CORE\src\Error\BaseErrorHandler.php, line 146
include - APP/Template\Layout\default.ctp, line 94
Cake\View\View::_evaluate() - CORE\src\View\View.php, line 992
Cake\View\View::_render() - CORE\src\View\View.php, line 952
Cake\View\View::renderLayout() - CORE\src\View\View.php, line 633
Cake\View\View::render() - CORE\src\View\View.php, line 592
Cake\Controller\Controller::render() - CORE\src\Controller\Controller.php, line 611
Cake\Routing\Dispatcher::_invoke() - CORE\src\Routing\Dispatcher.php, line 120
Cake\Routing\Dispatcher::dispatch() - CORE\src\Routing\Dispatcher.php, line 87
[main] - ROOT\webroot\index.php, line 37



2016-05-30 14:39:22 Notice: Notice (8): Undefined variable: var in [C:\Users\AMAR\Desktop\Git\git\RecipeJaar\src\Template\Layout\default.ctp, line 104]
Request URL: /Contacts/submit
Client IP: 127.0.0.1
Trace:
Cake\Error\BaseErrorHandler::handleError() - CORE\src\Error\BaseErrorHandler.php, line 146
include - APP/Template\Layout\default.ctp, line 104
Cake\View\View::_evaluate() - CORE\src\View\View.php, line 992
Cake\View\View::_render() - CORE\src\View\View.php, line 952
Cake\View\View::renderLayout() - CORE\src\View\View.php, line 633
Cake\View\View::render() - CORE\src\View\View.php, line 592
Cake\Controller\Controller::render() - CORE\src\Controller\Controller.php, line 611
Cake\Routing\Dispatcher::_invoke() - CORE\src\Routing\Dispatcher.php, line 120
Cake\Routing\Dispatcher::dispatch() - CORE\src\Routing\Dispatcher.php, line 87
[main] - ROOT\webroot\index.php, line 37



2016-05-30 14:39:29 Notice: Notice (8): Undefined variable: var in [C:\Users\AMAR\Desktop\Git\git\RecipeJaar\src\Template\Layout\default.ctp, line 15]
Request URL: /Contacts/submit
Referer URL: http://localhost:8765/contacts
Client IP: 127.0.0.1
Trace:
Cake\Error\BaseErrorHandler::handleError() - CORE\src\Error\BaseErrorHandler.php, line 146
include - APP/Template\Layout\default.ctp, line 15
Cake\View\View::_evaluate() - CORE\src\View\View.php, line 992
Cake\View\View::_render() - CORE\src\View\View.php, line 952
Cake\View\View::renderLayout() - CORE\src\View\View.php, line 633
Cake\View\View::render() - CORE\src\View\View.php, line 592
Cake\Controller\Controller::render() - CORE\src\Controller\Controller.php, line 611
Cake\Routing\Dispatcher::_invoke() - CORE\src\Routing\Dispatcher.php, line 120
Cake\Routing\Dispatcher::dispatch() - CORE\src\Routing\Dispatcher.php, line 87
[main] - ROOT\webroot\index.php, line 37



2016-05-30 14:39:29 Notice: Notice (8): Undefined variable: var in [C:\Users\AMAR\Desktop\Git\git\RecipeJaar\src\Template\Layout\default.ctp, line 34]
Request URL: /Contacts/submit
Referer URL: http://localhost:8765/contacts
Client IP: 127.0.0.1
Trace:
Cake\Error\BaseErrorHandler::handleError() - CORE\src\Error\BaseErrorHandler.php, line 146
include - APP/Template\Layout\default.ctp, line 34
Cake\View\View::_evaluate() - CORE\src\View\View.php, line 992
Cake\View\View::_render() - CORE\src\View\View.php, line 952
Cake\View\View::renderLayout() - CORE\src\View\View.php, line 633
Cake\View\View::render() - CORE\src\View\View.php, line 592
Cake\Controller\Controller::render() - CORE\src\Controller\Controller.php, line 611
Cake\Routing\Dispatcher::_invoke() - CORE\src\Routing\Dispatcher.php, line 120
Cake\Routing\Dispatcher::dispatch() - CORE\src\Routing\Dispatcher.php, line 87
[main] - ROOT\webroot\index.php, line 37



2016-05-30 14:39:29 Notice: Notice (8): Undefined variable: var in [C:\Users\AMAR\Desktop\Git\git\RecipeJaar\src\Template\Layout\default.ctp, line 94]
Request URL: /Contacts/submit
Referer URL: http://localhost:8765/contacts
Client IP: 127.0.0.1
Trace:
Cake\Error\BaseErrorHandler::handleError() - CORE\src\Error\BaseErrorHandler.php, line 146
include - APP/Template\Layout\default.ctp, line 94
Cake\View\View::_evaluate() - CORE\src\View\View.php, line 992
Cake\View\View::_render() - CORE\src\View\View.php, line 952
Cake\View\View::renderLayout() - CORE\src\View\View.php, line 633
Cake\View\View::render() - CORE\src\View\View.php, line 592
Cake\Controller\Controller::render() - CORE\src\Controller\Controller.php, line 611
Cake\Routing\Dispatcher::_invoke() - CORE\src\Routing\Dispatcher.php, line 120
Cake\Routing\Dispatcher::dispatch() - CORE\src\Routing\Dispatcher.php, line 87
[main] - ROOT\webroot\index.php, line 37



2016-05-30 14:39:29 Notice: Notice (8): Undefined variable: var in [C:\Users\AMAR\Desktop\Git\git\RecipeJaar\src\Template\Layout\default.ctp, line 104]
Request URL: /Contacts/submit
Referer URL: http://localhost:8765/contacts
Client IP: 127.0.0.1
Trace:
Cake\Error\BaseErrorHandler::handleError() - CORE\src\Error\BaseErrorHandler.php, line 146
include - APP/Template\Layout\default.ctp, line 104
Cake\View\View::_evaluate() - CORE\src\View\View.php, line 992
Cake\View\View::_render() - CORE\src\View\View.php, line 952
Cake\View\View::renderLayout() - CORE\src\View\View.php, line 633
Cake\View\View::render() - CORE\src\View\View.php, line 592
Cake\Controller\Controller::render() - CORE\src\Controller\Controller.php, line 611
Cake\Routing\Dispatcher::_invoke() - CORE\src\Routing\Dispatcher.php, line 120
Cake\Routing\Dispatcher::dispatch() - CORE\src\Routing\Dispatcher.php, line 87
[main] - ROOT\webroot\index.php, line 37



2016-05-30 14:40:23 Notice: Notice (8): Undefined variable: var in [C:\Users\AMAR\Desktop\Git\git\RecipeJaar\src\Template\Layout\default.ctp, line 15]
Request URL: /Contacts/submit
Referer URL: http://localhost:8765/contacts
Client IP: 127.0.0.1
Trace:
Cake\Error\BaseErrorHandler::handleError() - CORE\src\Error\BaseErrorHandler.php, line 146
include - APP/Template\Layout\default.ctp, line 15
Cake\View\View::_evaluate() - CORE\src\View\View.php, line 992
Cake\View\View::_render() - CORE\src\View\View.php, line 952
Cake\View\View::renderLayout() - CORE\src\View\View.php, line 633
Cake\View\View::render() - CORE\src\View\View.php, line 592
Cake\Controller\Controller::render() - CORE\src\Controller\Controller.php, line 611
Cake\Routing\Dispatcher::_invoke() - CORE\src\Routing\Dispatcher.php, line 120
Cake\Routing\Dispatcher::dispatch() - CORE\src\Routing\Dispatcher.php, line 87
[main] - ROOT\webroot\index.php, line 37



2016-05-30 14:40:24 Notice: Notice (8): Undefined variable: var in [C:\Users\AMAR\Desktop\Git\git\RecipeJaar\src\Template\Layout\default.ctp, line 34]
Request URL: /Contacts/submit
Referer URL: http://localhost:8765/contacts
Client IP: 127.0.0.1
Trace:
Cake\Error\BaseErrorHandler::handleError() - CORE\src\Error\BaseErrorHandler.php, line 146
include - APP/Template\Layout\default.ctp, line 34
Cake\View\View::_evaluate() - CORE\src\View\View.php, line 992
Cake\View\View::_render() - CORE\src\View\View.php, line 952
Cake\View\View::renderLayout() - CORE\src\View\View.php, line 633
Cake\View\View::render() - CORE\src\View\View.php, line 592
Cake\Controller\Controller::render() - CORE\src\Controller\Controller.php, line 611
Cake\Routing\Dispatcher::_invoke() - CORE\src\Routing\Dispatcher.php, line 120
Cake\Routing\Dispatcher::dispatch() - CORE\src\Routing\Dispatcher.php, line 87
[main] - ROOT\webroot\index.php, line 37



2016-05-30 14:40:24 Notice: Notice (8): Undefined variable: var in [C:\Users\AMAR\Desktop\Git\git\RecipeJaar\src\Template\Layout\default.ctp, line 94]
Request URL: /Contacts/submit
Referer URL: http://localhost:8765/contacts
Client IP: 127.0.0.1
Trace:
Cake\Error\BaseErrorHandler::handleError() - CORE\src\Error\BaseErrorHandler.php, line 146
include - APP/Template\Layout\default.ctp, line 94
Cake\View\View::_evaluate() - CORE\src\View\View.php, line 992
Cake\View\View::_render() - CORE\src\View\View.php, line 952
Cake\View\View::renderLayout() - CORE\src\View\View.php, line 633
Cake\View\View::render() - CORE\src\View\View.php, line 592
Cake\Controller\Controller::render() - CORE\src\Controller\Controller.php, line 611
Cake\Routing\Dispatcher::_invoke() - CORE\src\Routing\Dispatcher.php, line 120
Cake\Routing\Dispatcher::dispatch() - CORE\src\Routing\Dispatcher.php, line 87
[main] - ROOT\webroot\index.php, line 37



2016-05-30 14:40:24 Notice: Notice (8): Undefined variable: var in [C:\Users\AMAR\Desktop\Git\git\RecipeJaar\src\Template\Layout\default.ctp, line 104]
Request URL: /Contacts/submit
Referer URL: http://localhost:8765/contacts
Client IP: 127.0.0.1
Trace:
Cake\Error\BaseErrorHandler::handleError() - CORE\src\Error\BaseErrorHandler.php, line 146
include - APP/Template\Layout\default.ctp, line 104
Cake\View\View::_evaluate() - CORE\src\View\View.php, line 992
Cake\View\View::_render() - CORE\src\View\View.php, line 952
Cake\View\View::renderLayout() - CORE\src\View\View.php, line 633
Cake\View\View::render() - CORE\src\View\View.php, line 592
Cake\Controller\Controller::render() - CORE\src\Controller\Controller.php, line 611
Cake\Routing\Dispatcher::_invoke() - CORE\src\Routing\Dispatcher.php, line 120
Cake\Routing\Dispatcher::dispatch() - CORE\src\Routing\Dispatcher.php, line 87
[main] - ROOT\webroot\index.php, line 37



2016-05-30 14:40:59 Notice: Notice (8): Undefined variable: var in [C:\Users\AMAR\Desktop\Git\git\RecipeJaar\src\Template\Layout\default.ctp, line 15]
Request URL: /Contacts/submit
Referer URL: http://localhost:8765/Contacts
Client IP: 127.0.0.1
Trace:
Cake\Error\BaseErrorHandler::handleError() - CORE\src\Error\BaseErrorHandler.php, line 146
include - APP/Template\Layout\default.ctp, line 15
Cake\View\View::_evaluate() - CORE\src\View\View.php, line 992
Cake\View\View::_render() - CORE\src\View\View.php, line 952
Cake\View\View::renderLayout() - CORE\src\View\View.php, line 633
Cake\View\View::render() - CORE\src\View\View.php, line 592
Cake\Controller\Controller::render() - CORE\src\Controller\Controller.php, line 611
Cake\Routing\Dispatcher::_invoke() - CORE\src\Routing\Dispatcher.php, line 120
Cake\Routing\Dispatcher::dispatch() - CORE\src\Routing\Dispatcher.php, line 87
[main] - ROOT\webroot\index.php, line 37



2016-05-30 14:40:59 Notice: Notice (8): Undefined variable: var in [C:\Users\AMAR\Desktop\Git\git\RecipeJaar\src\Template\Layout\default.ctp, line 34]
Request URL: /Contacts/submit
Referer URL: http://localhost:8765/Contacts
Client IP: 127.0.0.1
Trace:
Cake\Error\BaseErrorHandler::handleError() - CORE\src\Error\BaseErrorHandler.php, line 146
include - APP/Template\Layout\default.ctp, line 34
Cake\View\View::_evaluate() - CORE\src\View\View.php, line 992
Cake\View\View::_render() - CORE\src\View\View.php, line 952
Cake\View\View::renderLayout() - CORE\src\View\View.php, line 633
Cake\View\View::render() - CORE\src\View\View.php, line 592
Cake\Controller\Controller::render() - CORE\src\Controller\Controller.php, line 611
Cake\Routing\Dispatcher::_invoke() - CORE\src\Routing\Dispatcher.php, line 120
Cake\Routing\Dispatcher::dispatch() - CORE\src\Routing\Dispatcher.php, line 87
[main] - ROOT\webroot\index.php, line 37



2016-05-30 14:40:59 Notice: Notice (8): Undefined variable: var in [C:\Users\AMAR\Desktop\Git\git\RecipeJaar\src\Template\Layout\default.ctp, line 94]
Request URL: /Contacts/submit
Referer URL: http://localhost:8765/Contacts
Client IP: 127.0.0.1
Trace:
Cake\Error\BaseErrorHandler::handleError() - CORE\src\Error\BaseErrorHandler.php, line 146
include - APP/Template\Layout\default.ctp, line 94
Cake\View\View::_evaluate() - CORE\src\View\View.php, line 992
Cake\View\View::_render() - CORE\src\View\View.php, line 952
Cake\View\View::renderLayout() - CORE\src\View\View.php, line 633
Cake\View\View::render() - CORE\src\View\View.php, line 592
Cake\Controller\Controller::render() - CORE\src\Controller\Controller.php, line 611
Cake\Routing\Dispatcher::_invoke() - CORE\src\Routing\Dispatcher.php, line 120
Cake\Routing\Dispatcher::dispatch() - CORE\src\Routing\Dispatcher.php, line 87
[main] - ROOT\webroot\index.php, line 37



2016-05-30 14:40:59 Notice: Notice (8): Undefined variable: var in [C:\Users\AMAR\Desktop\Git\git\RecipeJaar\src\Template\Layout\default.ctp, line 104]
Request URL: /Contacts/submit
Referer URL: http://localhost:8765/Contacts
Client IP: 127.0.0.1
Trace:
Cake\Error\BaseErrorHandler::handleError() - CORE\src\Error\BaseErrorHandler.php, line 146
include - APP/Template\Layout\default.ctp, line 104
Cake\View\View::_evaluate() - CORE\src\View\View.php, line 992
Cake\View\View::_render() - CORE\src\View\View.php, line 952
Cake\View\View::renderLayout() - CORE\src\View\View.php, line 633
Cake\View\View::render() - CORE\src\View\View.php, line 592
Cake\Controller\Controller::render() - CORE\src\Controller\Controller.php, line 611
Cake\Routing\Dispatcher::_invoke() - CORE\src\Routing\Dispatcher.php, line 120
Cake\Routing\Dispatcher::dispatch() - CORE\src\Routing\Dispatcher.php, line 87
[main] - ROOT\webroot\index.php, line 37



2016-05-30 14:42:27 Notice: Notice (8): Undefined variable: var in [C:\Users\AMAR\Desktop\Git\git\RecipeJaar\src\Template\Layout\default.ctp, line 15]
Request URL: /Contacts/submit
Referer URL: http://localhost:8765/contacts
Client IP: 127.0.0.1
Trace:
Cake\Error\BaseErrorHandler::handleError() - CORE\src\Error\BaseErrorHandler.php, line 146
include - APP/Template\Layout\default.ctp, line 15
Cake\View\View::_evaluate() - CORE\src\View\View.php, line 992
Cake\View\View::_render() - CORE\src\View\View.php, line 952
Cake\View\View::renderLayout() - CORE\src\View\View.php, line 633
Cake\View\View::render() - CORE\src\View\View.php, line 592
Cake\Controller\Controller::render() - CORE\src\Controller\Controller.php, line 611
Cake\Routing\Dispatcher::_invoke() - CORE\src\Routing\Dispatcher.php, line 120
Cake\Routing\Dispatcher::dispatch() - CORE\src\Routing\Dispatcher.php, line 87
[main] - ROOT\webroot\index.php, line 37



2016-05-30 14:42:27 Notice: Notice (8): Undefined variable: var in [C:\Users\AMAR\Desktop\Git\git\RecipeJaar\src\Template\Layout\default.ctp, line 34]
Request URL: /Contacts/submit
Referer URL: http://localhost:8765/contacts
Client IP: 127.0.0.1
Trace:
Cake\Error\BaseErrorHandler::handleError() - CORE\src\Error\BaseErrorHandler.php, line 146
include - APP/Template\Layout\default.ctp, line 34
Cake\View\View::_evaluate() - CORE\src\View\View.php, line 992
Cake\View\View::_render() - CORE\src\View\View.php, line 952
Cake\View\View::renderLayout() - CORE\src\View\View.php, line 633
Cake\View\View::render() - CORE\src\View\View.php, line 592
Cake\Controller\Controller::render() - CORE\src\Controller\Controller.php, line 611
Cake\Routing\Dispatcher::_invoke() - CORE\src\Routing\Dispatcher.php, line 120
Cake\Routing\Dispatcher::dispatch() - CORE\src\Routing\Dispatcher.php, line 87
[main] - ROOT\webroot\index.php, line 37



2016-05-30 14:42:27 Notice: Notice (8): Undefined variable: var in [C:\Users\AMAR\Desktop\Git\git\RecipeJaar\src\Template\Layout\default.ctp, line 94]
Request URL: /Contacts/submit
Referer URL: http://localhost:8765/contacts
Client IP: 127.0.0.1
Trace:
Cake\Error\BaseErrorHandler::handleError() - CORE\src\Error\BaseErrorHandler.php, line 146
include - APP/Template\Layout\default.ctp, line 94
Cake\View\View::_evaluate() - CORE\src\View\View.php, line 992
Cake\View\View::_render() - CORE\src\View\View.php, line 952
Cake\View\View::renderLayout() - CORE\src\View\View.php, line 633
Cake\View\View::render() - CORE\src\View\View.php, line 592
Cake\Controller\Controller::render() - CORE\src\Controller\Controller.php, line 611
Cake\Routing\Dispatcher::_invoke() - CORE\src\Routing\Dispatcher.php, line 120
Cake\Routing\Dispatcher::dispatch() - CORE\src\Routing\Dispatcher.php, line 87
[main] - ROOT\webroot\index.php, line 37



2016-05-30 14:42:27 Notice: Notice (8): Undefined variable: var in [C:\Users\AMAR\Desktop\Git\git\RecipeJaar\src\Template\Layout\default.ctp, line 104]
Request URL: /Contacts/submit
Referer URL: http://localhost:8765/contacts
Client IP: 127.0.0.1
Trace:
Cake\Error\BaseErrorHandler::handleError() - CORE\src\Error\BaseErrorHandler.php, line 146
include - APP/Template\Layout\default.ctp, line 104
Cake\View\View::_evaluate() - CORE\src\View\View.php, line 992
Cake\View\View::_render() - CORE\src\View\View.php, line 952
Cake\View\View::renderLayout() - CORE\src\View\View.php, line 633
Cake\View\View::render() - CORE\src\View\View.php, line 592
Cake\Controller\Controller::render() - CORE\src\Controller\Controller.php, line 611
Cake\Routing\Dispatcher::_invoke() - CORE\src\Routing\Dispatcher.php, line 120
Cake\Routing\Dispatcher::dispatch() - CORE\src\Routing\Dispatcher.php, line 87
[main] - ROOT\webroot\index.php, line 37



2016-05-30 14:43:44 Notice: Notice (8): Undefined variable: var in [C:\Users\AMAR\Desktop\Git\git\RecipeJaar\src\Template\Layout\default.ctp, line 15]
Request URL: /Contacts/submit
Referer URL: http://localhost:8765/contacts
Client IP: 127.0.0.1
Trace:
Cake\Error\BaseErrorHandler::handleError() - CORE\src\Error\BaseErrorHandler.php, line 146
include - APP/Template\Layout\default.ctp, line 15
Cake\View\View::_evaluate() - CORE\src\View\View.php, line 992
Cake\View\View::_render() - CORE\src\View\View.php, line 952
Cake\View\View::renderLayout() - CORE\src\View\View.php, line 633
Cake\View\View::render() - CORE\src\View\View.php, line 592
Cake\Controller\Controller::render() - CORE\src\Controller\Controller.php, line 611
Cake\Routing\Dispatcher::_invoke() - CORE\src\Routing\Dispatcher.php, line 120
Cake\Routing\Dispatcher::dispatch() - CORE\src\Routing\Dispatcher.php, line 87
[main] - ROOT\webroot\index.php, line 37



2016-05-30 14:43:44 Notice: Notice (8): Undefined variable: var in [C:\Users\AMAR\Desktop\Git\git\RecipeJaar\src\Template\Layout\default.ctp, line 34]
Request URL: /Contacts/submit
Referer URL: http://localhost:8765/contacts
Client IP: 127.0.0.1
Trace:
Cake\Error\BaseErrorHandler::handleError() - CORE\src\Error\BaseErrorHandler.php, line 146
include - APP/Template\Layout\default.ctp, line 34
Cake\View\View::_evaluate() - CORE\src\View\View.php, line 992
Cake\View\View::_render() - CORE\src\View\View.php, line 952
Cake\View\View::renderLayout() - CORE\src\View\View.php, line 633
Cake\View\View::render() - CORE\src\View\View.php, line 592
Cake\Controller\Controller::render() - CORE\src\Controller\Controller.php, line 611
Cake\Routing\Dispatcher::_invoke() - CORE\src\Routing\Dispatcher.php, line 120
Cake\Routing\Dispatcher::dispatch() - CORE\src\Routing\Dispatcher.php, line 87
[main] - ROOT\webroot\index.php, line 37



2016-05-30 14:43:44 Notice: Notice (8): Undefined variable: var in [C:\Users\AMAR\Desktop\Git\git\RecipeJaar\src\Template\Layout\default.ctp, line 94]
Request URL: /Contacts/submit
Referer URL: http://localhost:8765/contacts
Client IP: 127.0.0.1
Trace:
Cake\Error\BaseErrorHandler::handleError() - CORE\src\Error\BaseErrorHandler.php, line 146
include - APP/Template\Layout\default.ctp, line 94
Cake\View\View::_evaluate() - CORE\src\View\View.php, line 992
Cake\View\View::_render() - CORE\src\View\View.php, line 952
Cake\View\View::renderLayout() - CORE\src\View\View.php, line 633
Cake\View\View::render() - CORE\src\View\View.php, line 592
Cake\Controller\Controller::render() - CORE\src\Controller\Controller.php, line 611
Cake\Routing\Dispatcher::_invoke() - CORE\src\Routing\Dispatcher.php, line 120
Cake\Routing\Dispatcher::dispatch() - CORE\src\Routing\Dispatcher.php, line 87
[main] - ROOT\webroot\index.php, line 37



2016-05-30 14:43:44 Notice: Notice (8): Undefined variable: var in [C:\Users\AMAR\Desktop\Git\git\RecipeJaar\src\Template\Layout\default.ctp, line 104]
Request URL: /Contacts/submit
Referer URL: http://localhost:8765/contacts
Client IP: 127.0.0.1
Trace:
Cake\Error\BaseErrorHandler::handleError() - CORE\src\Error\BaseErrorHandler.php, line 146
include - APP/Template\Layout\default.ctp, line 104
Cake\View\View::_evaluate() - CORE\src\View\View.php, line 992
Cake\View\View::_render() - CORE\src\View\View.php, line 952
Cake\View\View::renderLayout() - CORE\src\View\View.php, line 633
Cake\View\View::render() - CORE\src\View\View.php, line 592
Cake\Controller\Controller::render() - CORE\src\Controller\Controller.php, line 611
Cake\Routing\Dispatcher::_invoke() - CORE\src\Routing\Dispatcher.php, line 120
Cake\Routing\Dispatcher::dispatch() - CORE\src\Routing\Dispatcher.php, line 87
[main] - ROOT\webroot\index.php, line 37



2016-05-30 14:44:31 Notice: Notice (8): Undefined variable: var in [C:\Users\AMAR\Desktop\Git\git\RecipeJaar\src\Template\Layout\default.ctp, line 15]
Request URL: /Contacts/submit
Referer URL: http://localhost:8765/contacts
Client IP: 127.0.0.1
Trace:
Cake\Error\BaseErrorHandler::handleError() - CORE\src\Error\BaseErrorHandler.php, line 146
include - APP/Template\Layout\default.ctp, line 15
Cake\View\View::_evaluate() - CORE\src\View\View.php, line 992
Cake\View\View::_render() - CORE\src\View\View.php, line 952
Cake\View\View::renderLayout() - CORE\src\View\View.php, line 633
Cake\View\View::render() - CORE\src\View\View.php, line 592
Cake\Controller\Controller::render() - CORE\src\Controller\Controller.php, line 611
Cake\Routing\Dispatcher::_invoke() - CORE\src\Routing\Dispatcher.php, line 120
Cake\Routing\Dispatcher::dispatch() - CORE\src\Routing\Dispatcher.php, line 87
[main] - ROOT\webroot\index.php, line 37



2016-05-30 14:44:31 Notice: Notice (8): Undefined variable: var in [C:\Users\AMAR\Desktop\Git\git\RecipeJaar\src\Template\Layout\default.ctp, line 34]
Request URL: /Contacts/submit
Referer URL: http://localhost:8765/contacts
Client IP: 127.0.0.1
Trace:
Cake\Error\BaseErrorHandler::handleError() - CORE\src\Error\BaseErrorHandler.php, line 146
include - APP/Template\Layout\default.ctp, line 34
Cake\View\View::_evaluate() - CORE\src\View\View.php, line 992
Cake\View\View::_render() - CORE\src\View\View.php, line 952
Cake\View\View::renderLayout() - CORE\src\View\View.php, line 633
Cake\View\View::render() - CORE\src\View\View.php, line 592
Cake\Controller\Controller::render() - CORE\src\Controller\Controller.php, line 611
Cake\Routing\Dispatcher::_invoke() - CORE\src\Routing\Dispatcher.php, line 120
Cake\Routing\Dispatcher::dispatch() - CORE\src\Routing\Dispatcher.php, line 87
[main] - ROOT\webroot\index.php, line 37



2016-05-30 14:44:31 Notice: Notice (8): Undefined variable: var in [C:\Users\AMAR\Desktop\Git\git\RecipeJaar\src\Template\Layout\default.ctp, line 94]
Request URL: /Contacts/submit
Referer URL: http://localhost:8765/contacts
Client IP: 127.0.0.1
Trace:
Cake\Error\BaseErrorHandler::handleError() - CORE\src\Error\BaseErrorHandler.php, line 146
include - APP/Template\Layout\default.ctp, line 94
Cake\View\View::_evaluate() - CORE\src\View\View.php, line 992
Cake\View\View::_render() - CORE\src\View\View.php, line 952
Cake\View\View::renderLayout() - CORE\src\View\View.php, line 633
Cake\View\View::render() - CORE\src\View\View.php, line 592
Cake\Controller\Controller::render() - CORE\src\Controller\Controller.php, line 611
Cake\Routing\Dispatcher::_invoke() - CORE\src\Routing\Dispatcher.php, line 120
Cake\Routing\Dispatcher::dispatch() - CORE\src\Routing\Dispatcher.php, line 87
[main] - ROOT\webroot\index.php, line 37



2016-05-30 14:44:31 Notice: Notice (8): Undefined variable: var in [C:\Users\AMAR\Desktop\Git\git\RecipeJaar\src\Template\Layout\default.ctp, line 104]
Request URL: /Contacts/submit
Referer URL: http://localhost:8765/contacts
Client IP: 127.0.0.1
Trace:
Cake\Error\BaseErrorHandler::handleError() - CORE\src\Error\BaseErrorHandler.php, line 146
include - APP/Template\Layout\default.ctp, line 104
Cake\View\View::_evaluate() - CORE\src\View\View.php, line 992
Cake\View\View::_render() - CORE\src\View\View.php, line 952
Cake\View\View::renderLayout() - CORE\src\View\View.php, line 633
Cake\View\View::render() - CORE\src\View\View.php, line 592
Cake\Controller\Controller::render() - CORE\src\Controller\Controller.php, line 611
Cake\Routing\Dispatcher::_invoke() - CORE\src\Routing\Dispatcher.php, line 120
Cake\Routing\Dispatcher::dispatch() - CORE\src\Routing\Dispatcher.php, line 87
[main] - ROOT\webroot\index.php, line 37



2016-05-30 14:47:42 Notice: Notice (8): Undefined variable: var in [C:\Users\AMAR\Desktop\Git\git\RecipeJaar\src\Template\Layout\default.ctp, line 15]
Request URL: /Contacts/submit
Referer URL: http://localhost:8765/contacts
Client IP: 127.0.0.1
Trace:
Cake\Error\BaseErrorHandler::handleError() - CORE\src\Error\BaseErrorHandler.php, line 146
include - APP/Template\Layout\default.ctp, line 15
Cake\View\View::_evaluate() - CORE\src\View\View.php, line 992
Cake\View\View::_render() - CORE\src\View\View.php, line 952
Cake\View\View::renderLayout() - CORE\src\View\View.php, line 633
Cake\View\View::render() - CORE\src\View\View.php, line 592
Cake\Controller\Controller::render() - CORE\src\Controller\Controller.php, line 611
Cake\Routing\Dispatcher::_invoke() - CORE\src\Routing\Dispatcher.php, line 120
Cake\Routing\Dispatcher::dispatch() - CORE\src\Routing\Dispatcher.php, line 87
[main] - ROOT\webroot\index.php, line 37



2016-05-30 14:47:42 Notice: Notice (8): Undefined variable: var in [C:\Users\AMAR\Desktop\Git\git\RecipeJaar\src\Template\Layout\default.ctp, line 34]
Request URL: /Contacts/submit
Referer URL: http://localhost:8765/contacts
Client IP: 127.0.0.1
Trace:
Cake\Error\BaseErrorHandler::handleError() - CORE\src\Error\BaseErrorHandler.php, line 146
include - APP/Template\Layout\default.ctp, line 34
Cake\View\View::_evaluate() - CORE\src\View\View.php, line 992
Cake\View\View::_render() - CORE\src\View\View.php, line 952
Cake\View\View::renderLayout() - CORE\src\View\View.php, line 633
Cake\View\View::render() - CORE\src\View\View.php, line 592
Cake\Controller\Controller::render() - CORE\src\Controller\Controller.php, line 611
Cake\Routing\Dispatcher::_invoke() - CORE\src\Routing\Dispatcher.php, line 120
Cake\Routing\Dispatcher::dispatch() - CORE\src\Routing\Dispatcher.php, line 87
[main] - ROOT\webroot\index.php, line 37



2016-05-30 14:47:42 Notice: Notice (8): Undefined variable: var in [C:\Users\AMAR\Desktop\Git\git\RecipeJaar\src\Template\Layout\default.ctp, line 94]
Request URL: /Contacts/submit
Referer URL: http://localhost:8765/contacts
Client IP: 127.0.0.1
Trace:
Cake\Error\BaseErrorHandler::handleError() - CORE\src\Error\BaseErrorHandler.php, line 146
include - APP/Template\Layout\default.ctp, line 94
Cake\View\View::_evaluate() - CORE\src\View\View.php, line 992
Cake\View\View::_render() - CORE\src\View\View.php, line 952
Cake\View\View::renderLayout() - CORE\src\View\View.php, line 633
Cake\View\View::render() - CORE\src\View\View.php, line 592
Cake\Controller\Controller::render() - CORE\src\Controller\Controller.php, line 611
Cake\Routing\Dispatcher::_invoke() - CORE\src\Routing\Dispatcher.php, line 120
Cake\Routing\Dispatcher::dispatch() - CORE\src\Routing\Dispatcher.php, line 87
[main] - ROOT\webroot\index.php, line 37



2016-05-30 14:47:42 Notice: Notice (8): Undefined variable: var in [C:\Users\AMAR\Desktop\Git\git\RecipeJaar\src\Template\Layout\default.ctp, line 104]
Request URL: /Contacts/submit
Referer URL: http://localhost:8765/contacts
Client IP: 127.0.0.1
Trace:
Cake\Error\BaseErrorHandler::handleError() - CORE\src\Error\BaseErrorHandler.php, line 146
include - APP/Template\Layout\default.ctp, line 104
Cake\View\View::_evaluate() - CORE\src\View\View.php, line 992
Cake\View\View::_render() - CORE\src\View\View.php, line 952
Cake\View\View::renderLayout() - CORE\src\View\View.php, line 633
Cake\View\View::render() - CORE\src\View\View.php, line 592
Cake\Controller\Controller::render() - CORE\src\Controller\Controller.php, line 611
Cake\Routing\Dispatcher::_invoke() - CORE\src\Routing\Dispatcher.php, line 120
Cake\Routing\Dispatcher::dispatch() - CORE\src\Routing\Dispatcher.php, line 87
[main] - ROOT\webroot\index.php, line 37



2016-05-30 14:48:11 Notice: Notice (8): Undefined variable: var in [C:\Users\AMAR\Desktop\Git\git\RecipeJaar\src\Template\Layout\default.ctp, line 15]
Request URL: /Contacts/submit
Client IP: 127.0.0.1
Trace:
Cake\Error\BaseErrorHandler::handleError() - CORE\src\Error\BaseErrorHandler.php, line 146
include - APP/Template\Layout\default.ctp, line 15
Cake\View\View::_evaluate() - CORE\src\View\View.php, line 992
Cake\View\View::_render() - CORE\src\View\View.php, line 952
Cake\View\View::renderLayout() - CORE\src\View\View.php, line 633
Cake\View\View::render() - CORE\src\View\View.php, line 592
Cake\Controller\Controller::render() - CORE\src\Controller\Controller.php, line 611
Cake\Routing\Dispatcher::_invoke() - CORE\src\Routing\Dispatcher.php, line 120
Cake\Routing\Dispatcher::dispatch() - CORE\src\Routing\Dispatcher.php, line 87
[main] - ROOT\webroot\index.php, line 37



2016-05-30 14:48:11 Notice: Notice (8): Undefined variable: var in [C:\Users\AMAR\Desktop\Git\git\RecipeJaar\src\Template\Layout\default.ctp, line 34]
Request URL: /Contacts/submit
Client IP: 127.0.0.1
Trace:
Cake\Error\BaseErrorHandler::handleError() - CORE\src\Error\BaseErrorHandler.php, line 146
include - APP/Template\Layout\default.ctp, line 34
Cake\View\View::_evaluate() - CORE\src\View\View.php, line 992
Cake\View\View::_render() - CORE\src\View\View.php, line 952
Cake\View\View::renderLayout() - CORE\src\View\View.php, line 633
Cake\View\View::render() - CORE\src\View\View.php, line 592
Cake\Controller\Controller::render() - CORE\src\Controller\Controller.php, line 611
Cake\Routing\Dispatcher::_invoke() - CORE\src\Routing\Dispatcher.php, line 120
Cake\Routing\Dispatcher::dispatch() - CORE\src\Routing\Dispatcher.php, line 87
[main] - ROOT\webroot\index.php, line 37



2016-05-30 14:48:11 Notice: Notice (8): Undefined variable: var in [C:\Users\AMAR\Desktop\Git\git\RecipeJaar\src\Template\Layout\default.ctp, line 94]
Request URL: /Contacts/submit
Client IP: 127.0.0.1
Trace:
Cake\Error\BaseErrorHandler::handleError() - CORE\src\Error\BaseErrorHandler.php, line 146
include - APP/Template\Layout\default.ctp, line 94
Cake\View\View::_evaluate() - CORE\src\View\View.php, line 992
Cake\View\View::_render() - CORE\src\View\View.php, line 952
Cake\View\View::renderLayout() - CORE\src\View\View.php, line 633
Cake\View\View::render() - CORE\src\View\View.php, line 592
Cake\Controller\Controller::render() - CORE\src\Controller\Controller.php, line 611
Cake\Routing\Dispatcher::_invoke() - CORE\src\Routing\Dispatcher.php, line 120
Cake\Routing\Dispatcher::dispatch() - CORE\src\Routing\Dispatcher.php, line 87
[main] - ROOT\webroot\index.php, line 37



2016-05-30 14:48:11 Notice: Notice (8): Undefined variable: var in [C:\Users\AMAR\Desktop\Git\git\RecipeJaar\src\Template\Layout\default.ctp, line 104]
Request URL: /Contacts/submit
Client IP: 127.0.0.1
Trace:
Cake\Error\BaseErrorHandler::handleError() - CORE\src\Error\BaseErrorHandler.php, line 146
include - APP/Template\Layout\default.ctp, line 104
Cake\View\View::_evaluate() - CORE\src\View\View.php, line 992
Cake\View\View::_render() - CORE\src\View\View.php, line 952
Cake\View\View::renderLayout() - CORE\src\View\View.php, line 633
Cake\View\View::render() - CORE\src\View\View.php, line 592
Cake\Controller\Controller::render() - CORE\src\Controller\Controller.php, line 611
Cake\Routing\Dispatcher::_invoke() - CORE\src\Routing\Dispatcher.php, line 120
Cake\Routing\Dispatcher::dispatch() - CORE\src\Routing\Dispatcher.php, line 87
[main] - ROOT\webroot\index.php, line 37



2016-05-30 14:49:52 Notice: Notice (8): Undefined variable: var in [C:\Users\AMAR\Desktop\Git\git\RecipeJaar\src\Template\Layout\default.ctp, line 15]
Request URL: /Contacts/submit
Referer URL: http://localhost:8765/contacts
Client IP: 127.0.0.1
Trace:
Cake\Error\BaseErrorHandler::handleError() - CORE\src\Error\BaseErrorHandler.php, line 146
include - APP/Template\Layout\default.ctp, line 15
Cake\View\View::_evaluate() - CORE\src\View\View.php, line 992
Cake\View\View::_render() - CORE\src\View\View.php, line 952
Cake\View\View::renderLayout() - CORE\src\View\View.php, line 633
Cake\View\View::render() - CORE\src\View\View.php, line 592
Cake\Controller\Controller::render() - CORE\src\Controller\Controller.php, line 611
Cake\Routing\Dispatcher::_invoke() - CORE\src\Routing\Dispatcher.php, line 120
Cake\Routing\Dispatcher::dispatch() - CORE\src\Routing\Dispatcher.php, line 87
[main] - ROOT\webroot\index.php, line 37



2016-05-30 14:49:52 Notice: Notice (8): Undefined variable: var in [C:\Users\AMAR\Desktop\Git\git\RecipeJaar\src\Template\Layout\default.ctp, line 34]
Request URL: /Contacts/submit
Referer URL: http://localhost:8765/contacts
Client IP: 127.0.0.1
Trace:
Cake\Error\BaseErrorHandler::handleError() - CORE\src\Error\BaseErrorHandler.php, line 146
include - APP/Template\Layout\default.ctp, line 34
Cake\View\View::_evaluate() - CORE\src\View\View.php, line 992
Cake\View\View::_render() - CORE\src\View\View.php, line 952
Cake\View\View::renderLayout() - CORE\src\View\View.php, line 633
Cake\View\View::render() - CORE\src\View\View.php, line 592
Cake\Controller\Controller::render() - CORE\src\Controller\Controller.php, line 611
Cake\Routing\Dispatcher::_invoke() - CORE\src\Routing\Dispatcher.php, line 120
Cake\Routing\Dispatcher::dispatch() - CORE\src\Routing\Dispatcher.php, line 87
[main] - ROOT\webroot\index.php, line 37



2016-05-30 14:49:52 Notice: Notice (8): Undefined variable: var in [C:\Users\AMAR\Desktop\Git\git\RecipeJaar\src\Template\Layout\default.ctp, line 94]
Request URL: /Contacts/submit
Referer URL: http://localhost:8765/contacts
Client IP: 127.0.0.1
Trace:
Cake\Error\BaseErrorHandler::handleError() - CORE\src\Error\BaseErrorHandler.php, line 146
include - APP/Template\Layout\default.ctp, line 94
Cake\View\View::_evaluate() - CORE\src\View\View.php, line 992
Cake\View\View::_render() - CORE\src\View\View.php, line 952
Cake\View\View::renderLayout() - CORE\src\View\View.php, line 633
Cake\View\View::render() - CORE\src\View\View.php, line 592
Cake\Controller\Controller::render() - CORE\src\Controller\Controller.php, line 611
Cake\Routing\Dispatcher::_invoke() - CORE\src\Routing\Dispatcher.php, line 120
Cake\Routing\Dispatcher::dispatch() - CORE\src\Routing\Dispatcher.php, line 87
[main] - ROOT\webroot\index.php, line 37



2016-05-30 14:49:52 Notice: Notice (8): Undefined variable: var in [C:\Users\AMAR\Desktop\Git\git\RecipeJaar\src\Template\Layout\default.ctp, line 104]
Request URL: /Contacts/submit
Referer URL: http://localhost:8765/contacts
Client IP: 127.0.0.1
Trace:
Cake\Error\BaseErrorHandler::handleError() - CORE\src\Error\BaseErrorHandler.php, line 146
include - APP/Template\Layout\default.ctp, line 104
Cake\View\View::_evaluate() - CORE\src\View\View.php, line 992
Cake\View\View::_render() - CORE\src\View\View.php, line 952
Cake\View\View::renderLayout() - CORE\src\View\View.php, line 633
Cake\View\View::render() - CORE\src\View\View.php, line 592
Cake\Controller\Controller::render() - CORE\src\Controller\Controller.php, line 611
Cake\Routing\Dispatcher::_invoke() - CORE\src\Routing\Dispatcher.php, line 120
Cake\Routing\Dispatcher::dispatch() - CORE\src\Routing\Dispatcher.php, line 87
[main] - ROOT\webroot\index.php, line 37



2016-05-30 14:50:38 Notice: Notice (8): Undefined variable: var in [C:\Users\AMAR\Desktop\Git\git\RecipeJaar\src\Template\Layout\default.ctp, line 15]
Request URL: /Contacts/submit
Client IP: 127.0.0.1
Trace:
Cake\Error\BaseErrorHandler::handleError() - CORE\src\Error\BaseErrorHandler.php, line 146
include - APP/Template\Layout\default.ctp, line 15
Cake\View\View::_evaluate() - CORE\src\View\View.php, line 992
Cake\View\View::_render() - CORE\src\View\View.php, line 952
Cake\View\View::renderLayout() - CORE\src\View\View.php, line 633
Cake\View\View::render() - CORE\src\View\View.php, line 592
Cake\Controller\Controller::render() - CORE\src\Controller\Controller.php, line 611
Cake\Routing\Dispatcher::_invoke() - CORE\src\Routing\Dispatcher.php, line 120
Cake\Routing\Dispatcher::dispatch() - CORE\src\Routing\Dispatcher.php, line 87
[main] - ROOT\webroot\index.php, line 37



2016-05-30 14:50:38 Notice: Notice (8): Undefined variable: var in [C:\Users\AMAR\Desktop\Git\git\RecipeJaar\src\Template\Layout\default.ctp, line 34]
Request URL: /Contacts/submit
Client IP: 127.0.0.1
Trace:
Cake\Error\BaseErrorHandler::handleError() - CORE\src\Error\BaseErrorHandler.php, line 146
include - APP/Template\Layout\default.ctp, line 34
Cake\View\View::_evaluate() - CORE\src\View\View.php, line 992
Cake\View\View::_render() - CORE\src\View\View.php, line 952
Cake\View\View::renderLayout() - CORE\src\View\View.php, line 633
Cake\View\View::render() - CORE\src\View\View.php, line 592
Cake\Controller\Controller::render() - CORE\src\Controller\Controller.php, line 611
Cake\Routing\Dispatcher::_invoke() - CORE\src\Routing\Dispatcher.php, line 120
Cake\Routing\Dispatcher::dispatch() - CORE\src\Routing\Dispatcher.php, line 87
[main] - ROOT\webroot\index.php, line 37



2016-05-30 14:50:38 Notice: Notice (8): Undefined variable: var in [C:\Users\AMAR\Desktop\Git\git\RecipeJaar\src\Template\Layout\default.ctp, line 94]
Request URL: /Contacts/submit
Client IP: 127.0.0.1
Trace:
Cake\Error\BaseErrorHandler::handleError() - CORE\src\Error\BaseErrorHandler.php, line 146
include - APP/Template\Layout\default.ctp, line 94
Cake\View\View::_evaluate() - CORE\src\View\View.php, line 992
Cake\View\View::_render() - CORE\src\View\View.php, line 952
Cake\View\View::renderLayout() - CORE\src\View\View.php, line 633
Cake\View\View::render() - CORE\src\View\View.php, line 592
Cake\Controller\Controller::render() - CORE\src\Controller\Controller.php, line 611
Cake\Routing\Dispatcher::_invoke() - CORE\src\Routing\Dispatcher.php, line 120
Cake\Routing\Dispatcher::dispatch() - CORE\src\Routing\Dispatcher.php, line 87
[main] - ROOT\webroot\index.php, line 37



2016-05-30 14:50:38 Notice: Notice (8): Undefined variable: var in [C:\Users\AMAR\Desktop\Git\git\RecipeJaar\src\Template\Layout\default.ctp, line 104]
Request URL: /Contacts/submit
Client IP: 127.0.0.1
Trace:
Cake\Error\BaseErrorHandler::handleError() - CORE\src\Error\BaseErrorHandler.php, line 146
include - APP/Template\Layout\default.ctp, line 104
Cake\View\View::_evaluate() - CORE\src\View\View.php, line 992
Cake\View\View::_render() - CORE\src\View\View.php, line 952
Cake\View\View::renderLayout() - CORE\src\View\View.php, line 633
Cake\View\View::render() - CORE\src\View\View.php, line 592
Cake\Controller\Controller::render() - CORE\src\Controller\Controller.php, line 611
Cake\Routing\Dispatcher::_invoke() - CORE\src\Routing\Dispatcher.php, line 120
Cake\Routing\Dispatcher::dispatch() - CORE\src\Routing\Dispatcher.php, line 87
[main] - ROOT\webroot\index.php, line 37



2016-05-30 14:50:43 Notice: Notice (8): Undefined variable: var in [C:\Users\AMAR\Desktop\Git\git\RecipeJaar\src\Template\Layout\default.ctp, line 15]
Request URL: /Contacts/submit
Referer URL: http://localhost:8765/contacts
Client IP: 127.0.0.1
Trace:
Cake\Error\BaseErrorHandler::handleError() - CORE\src\Error\BaseErrorHandler.php, line 146
include - APP/Template\Layout\default.ctp, line 15
Cake\View\View::_evaluate() - CORE\src\View\View.php, line 992
Cake\View\View::_render() - CORE\src\View\View.php, line 952
Cake\View\View::renderLayout() - CORE\src\View\View.php, line 633
Cake\View\View::render() - CORE\src\View\View.php, line 592
Cake\Controller\Controller::render() - CORE\src\Controller\Controller.php, line 611
Cake\Routing\Dispatcher::_invoke() - CORE\src\Routing\Dispatcher.php, line 120
Cake\Routing\Dispatcher::dispatch() - CORE\src\Routing\Dispatcher.php, line 87
[main] - ROOT\webroot\index.php, line 37



2016-05-30 14:50:43 Notice: Notice (8): Undefined variable: var in [C:\Users\AMAR\Desktop\Git\git\RecipeJaar\src\Template\Layout\default.ctp, line 34]
Request URL: /Contacts/submit
Referer URL: http://localhost:8765/contacts
Client IP: 127.0.0.1
Trace:
Cake\Error\BaseErrorHandler::handleError() - CORE\src\Error\BaseErrorHandler.php, line 146
include - APP/Template\Layout\default.ctp, line 34
Cake\View\View::_evaluate() - CORE\src\View\View.php, line 992
Cake\View\View::_render() - CORE\src\View\View.php, line 952
Cake\View\View::renderLayout() - CORE\src\View\View.php, line 633
Cake\View\View::render() - CORE\src\View\View.php, line 592
Cake\Controller\Controller::render() - CORE\src\Controller\Controller.php, line 611
Cake\Routing\Dispatcher::_invoke() - CORE\src\Routing\Dispatcher.php, line 120
Cake\Routing\Dispatcher::dispatch() - CORE\src\Routing\Dispatcher.php, line 87
[main] - ROOT\webroot\index.php, line 37



2016-05-30 14:50:43 Notice: Notice (8): Undefined variable: var in [C:\Users\AMAR\Desktop\Git\git\RecipeJaar\src\Template\Layout\default.ctp, line 94]
Request URL: /Contacts/submit
Referer URL: http://localhost:8765/contacts
Client IP: 127.0.0.1
Trace:
Cake\Error\BaseErrorHandler::handleError() - CORE\src\Error\BaseErrorHandler.php, line 146
include - APP/Template\Layout\default.ctp, line 94
Cake\View\View::_evaluate() - CORE\src\View\View.php, line 992
Cake\View\View::_render() - CORE\src\View\View.php, line 952
Cake\View\View::renderLayout() - CORE\src\View\View.php, line 633
Cake\View\View::render() - CORE\src\View\View.php, line 592
Cake\Controller\Controller::render() - CORE\src\Controller\Controller.php, line 611
Cake\Routing\Dispatcher::_invoke() - CORE\src\Routing\Dispatcher.php, line 120
Cake\Routing\Dispatcher::dispatch() - CORE\src\Routing\Dispatcher.php, line 87
[main] - ROOT\webroot\index.php, line 37



2016-05-30 14:50:43 Notice: Notice (8): Undefined variable: var in [C:\Users\AMAR\Desktop\Git\git\RecipeJaar\src\Template\Layout\default.ctp, line 104]
Request URL: /Contacts/submit
Referer URL: http://localhost:8765/contacts
Client IP: 127.0.0.1
Trace:
Cake\Error\BaseErrorHandler::handleError() - CORE\src\Error\BaseErrorHandler.php, line 146
include - APP/Template\Layout\default.ctp, line 104
Cake\View\View::_evaluate() - CORE\src\View\View.php, line 992
Cake\View\View::_render() - CORE\src\View\View.php, line 952
Cake\View\View::renderLayout() - CORE\src\View\View.php, line 633
Cake\View\View::render() - CORE\src\View\View.php, line 592
Cake\Controller\Controller::render() - CORE\src\Controller\Controller.php, line 611
Cake\Routing\Dispatcher::_invoke() - CORE\src\Routing\Dispatcher.php, line 120
Cake\Routing\Dispatcher::dispatch() - CORE\src\Routing\Dispatcher.php, line 87
[main] - ROOT\webroot\index.php, line 37



2016-05-30 14:50:59 Notice: Notice (8): Array to string conversion in [C:\Users\AMAR\Desktop\Git\git\RecipeJaar\src\Controller\ContactsController.php, line 33]
Request URL: /Contacts/submit
Referer URL: http://localhost:8765/contacts
Client IP: 127.0.0.1
Trace:
Cake\Error\BaseErrorHandler::handleError() - CORE\src\Error\BaseErrorHandler.php, line 146
App\Controller\ContactsController::submit() - APP/Controller\ContactsController.php, line 33
Cake\Controller\Controller::invokeAction() - CORE\src\Controller\Controller.php, line 429
Cake\Routing\Dispatcher::_invoke() - CORE\src\Routing\Dispatcher.php, line 114
Cake\Routing\Dispatcher::dispatch() - CORE\src\Routing\Dispatcher.php, line 87
[main] - ROOT\webroot\index.php, line 37



2016-05-30 14:52:39 Notice: Notice (8): Array to string conversion in [C:\Users\AMAR\Desktop\Git\git\RecipeJaar\src\Controller\ContactsController.php, line 33]
Request URL: /Contacts/submit
Referer URL: http://localhost:8765/contacts
Client IP: 127.0.0.1
Trace:
Cake\Error\BaseErrorHandler::handleError() - CORE\src\Error\BaseErrorHandler.php, line 146
App\Controller\ContactsController::submit() - APP/Controller\ContactsController.php, line 33
Cake\Controller\Controller::invokeAction() - CORE\src\Controller\Controller.php, line 429
Cake\Routing\Dispatcher::_invoke() - CORE\src\Routing\Dispatcher.php, line 114
Cake\Routing\Dispatcher::dispatch() - CORE\src\Routing\Dispatcher.php, line 87
[main] - ROOT\webroot\index.php, line 37



2016-05-30 14:53:42 Notice: Notice (8): Undefined variable: var in [C:\Users\AMAR\Desktop\Git\git\RecipeJaar\src\Template\Layout\default.ctp, line 15]
Request URL: /Contacts/submit
Referer URL: http://localhost:8765/contacts
Client IP: 127.0.0.1
Trace:
Cake\Error\BaseErrorHandler::handleError() - CORE\src\Error\BaseErrorHandler.php, line 146
include - APP/Template\Layout\default.ctp, line 15
Cake\View\View::_evaluate() - CORE\src\View\View.php, line 992
Cake\View\View::_render() - CORE\src\View\View.php, line 952
Cake\View\View::renderLayout() - CORE\src\View\View.php, line 633
Cake\View\View::render() - CORE\src\View\View.php, line 592
Cake\Controller\Controller::render() - CORE\src\Controller\Controller.php, line 611
Cake\Routing\Dispatcher::_invoke() - CORE\src\Routing\Dispatcher.php, line 120
Cake\Routing\Dispatcher::dispatch() - CORE\src\Routing\Dispatcher.php, line 87
[main] - ROOT\webroot\index.php, line 37



2016-05-30 14:53:42 Notice: Notice (8): Undefined variable: var in [C:\Users\AMAR\Desktop\Git\git\RecipeJaar\src\Template\Layout\default.ctp, line 34]
Request URL: /Contacts/submit
Referer URL: http://localhost:8765/contacts
Client IP: 127.0.0.1
Trace:
Cake\Error\BaseErrorHandler::handleError() - CORE\src\Error\BaseErrorHandler.php, line 146
include - APP/Template\Layout\default.ctp, line 34
Cake\View\View::_evaluate() - CORE\src\View\View.php, line 992
Cake\View\View::_render() - CORE\src\View\View.php, line 952
Cake\View\View::renderLayout() - CORE\src\View\View.php, line 633
Cake\View\View::render() - CORE\src\View\View.php, line 592
Cake\Controller\Controller::render() - CORE\src\Controller\Controller.php, line 611
Cake\Routing\Dispatcher::_invoke() - CORE\src\Routing\Dispatcher.php, line 120
Cake\Routing\Dispatcher::dispatch() - CORE\src\Routing\Dispatcher.php, line 87
[main] - ROOT\webroot\index.php, line 37



2016-05-30 14:53:42 Notice: Notice (8): Undefined variable: var in [C:\Users\AMAR\Desktop\Git\git\RecipeJaar\src\Template\Layout\default.ctp, line 94]
Request URL: /Contacts/submit
Referer URL: http://localhost:8765/contacts
Client IP: 127.0.0.1
Trace:
Cake\Error\BaseErrorHandler::handleError() - CORE\src\Error\BaseErrorHandler.php, line 146
include - APP/Template\Layout\default.ctp, line 94
Cake\View\View::_evaluate() - CORE\src\View\View.php, line 992
Cake\View\View::_render() - CORE\src\View\View.php, line 952
Cake\View\View::renderLayout() - CORE\src\View\View.php, line 633
Cake\View\View::render() - CORE\src\View\View.php, line 592
Cake\Controller\Controller::render() - CORE\src\Controller\Controller.php, line 611
Cake\Routing\Dispatcher::_invoke() - CORE\src\Routing\Dispatcher.php, line 120
Cake\Routing\Dispatcher::dispatch() - CORE\src\Routing\Dispatcher.php, line 87
[main] - ROOT\webroot\index.php, line 37



2016-05-30 14:53:42 Notice: Notice (8): Undefined variable: var in [C:\Users\AMAR\Desktop\Git\git\RecipeJaar\src\Template\Layout\default.ctp, line 104]
Request URL: /Contacts/submit
Referer URL: http://localhost:8765/contacts
Client IP: 127.0.0.1
Trace:
Cake\Error\BaseErrorHandler::handleError() - CORE\src\Error\BaseErrorHandler.php, line 146
include - APP/Template\Layout\default.ctp, line 104
Cake\View\View::_evaluate() - CORE\src\View\View.php, line 992
Cake\View\View::_render() - CORE\src\View\View.php, line 952
Cake\View\View::renderLayout() - CORE\src\View\View.php, line 633
Cake\View\View::render() - CORE\src\View\View.php, line 592
Cake\Controller\Controller::render() - CORE\src\Controller\Controller.php, line 611
Cake\Routing\Dispatcher::_invoke() - CORE\src\Routing\Dispatcher.php, line 120
Cake\Routing\Dispatcher::dispatch() - CORE\src\Routing\Dispatcher.php, line 87
[main] - ROOT\webroot\index.php, line 37



